This is pdfTeX, Version 3.1415926-2.5-1.40.14 (MiKTeX 2.9 64-bit) (preloaded format=pdflatex 2015.3.4)  25 NOV 2015 23:31
entering extended mode
**relatorio.tex

(C:\BG-files\IST\4ano\1semestre\SIBD\git\SIBD_3\proj_2parte\report\relatorio.te
x
LaTeX2e <2011/06/27>
Babel <v3.8m> and hyphenation patterns for english, afrikaans, ancientgreek, ar
abic, armenian, assamese, basque, bengali, bokmal, bulgarian, catalan, coptic, 
croatian, czech, danish, dutch, esperanto, estonian, farsi, finnish, french, ga
lician, german, german-x-2013-05-26, greek, gujarati, hindi, hungarian, iceland
ic, indonesian, interlingua, irish, italian, kannada, kurmanji, latin, latvian,
 lithuanian, malayalam, marathi, mongolian, mongolianlmc, monogreek, ngerman, n
german-x-2013-05-26, nynorsk, oriya, panjabi, pinyin, polish, portuguese, roman
ian, russian, sanskrit, serbian, slovak, slovenian, spanish, swedish, swissgerm
an, tamil, telugu, turkish, turkmen, ukenglish, ukrainian, uppersorbian, usengl
ishmax, welsh, loaded.
("C:\Program Files\MiKTeX 2.9_\tex\latex\base\article.cls"
Document Class: article 2007/10/19 v1.4h Standard LaTeX document class
("C:\Program Files\MiKTeX 2.9_\tex\latex\base\size10.clo"
File: size10.clo 2007/10/19 v1.4h Standard LaTeX file (size option)
)
\c@part=\count79
\c@section=\count80
\c@subsection=\count81
\c@subsubsection=\count82
\c@paragraph=\count83
\c@subparagraph=\count84
\c@figure=\count85
\c@table=\count86
\abovecaptionskip=\skip41
\belowcaptionskip=\skip42
\bibindent=\dimen102
)
("C:\Program Files\MiKTeX 2.9_\tex\generic\babel\babel.sty"
Package: babel 2008/07/08 v3.8m The Babel package

*************************************
* Local config file bblopts.cfg used
*
("C:\Program Files\MiKTeX 2.9_\tex\latex\00miktex\bblopts.cfg"
File: bblopts.cfg 2006/07/31 v1.0 MiKTeX 'babel' configuration
)
("C:\Program Files\MiKTeX 2.9_\tex\generic\babel\portuges.ldf"
Language: portuges 2008/03/18 v1.2q Portuguese support from the babel system

("C:\Program Files\MiKTeX 2.9_\tex\generic\babel\babel.def"
File: babel.def 2008/07/08 v3.8m Babel common definitions
\babel@savecnt=\count87
\U@D=\dimen103
)
Package babel Info: Making " an active character on input line 145.
))
("C:\Program Files\MiKTeX 2.9_\tex\latex\comment\comment.sty"
\CommentStream=\write3

Excluding comment 'comment')
("C:\Program Files\MiKTeX 2.9_\tex\latex\base\fontenc.sty"
Package: fontenc 2005/09/27 v1.99g Standard LaTeX package

("C:\Program Files\MiKTeX 2.9_\tex\latex\base\t1enc.def"
File: t1enc.def 2005/09/27 v1.99g Standard LaTeX file
LaTeX Font Info:    Redeclaring font encoding T1 on input line 43.
))
("C:\Program Files\MiKTeX 2.9_\tex\latex\base\inputenc.sty"
Package: inputenc 2008/03/30 v1.1d Input encoding file
\inpenc@prehook=\toks14
\inpenc@posthook=\toks15

("C:\Program Files\MiKTeX 2.9_\tex\latex\base\utf8.def"
File: utf8.def 2008/04/05 v1.1m UTF-8 support for inputenc
Now handling font encoding OML ...
... no UTF-8 mapping file for font encoding OML
Now handling font encoding T1 ...
... processing UTF-8 mapping file for font encoding T1

("C:\Program Files\MiKTeX 2.9_\tex\latex\base\t1enc.dfu"
File: t1enc.dfu 2008/04/05 v1.1m UTF-8 support for inputenc
   defining Unicode char U+00A1 (decimal 161)
   defining Unicode char U+00A3 (decimal 163)
   defining Unicode char U+00AB (decimal 171)
   defining Unicode char U+00BB (decimal 187)
   defining Unicode char U+00BF (decimal 191)
   defining Unicode char U+00C0 (decimal 192)
   defining Unicode char U+00C1 (decimal 193)
   defining Unicode char U+00C2 (decimal 194)
   defining Unicode char U+00C3 (decimal 195)
   defining Unicode char U+00C4 (decimal 196)
   defining Unicode char U+00C5 (decimal 197)
   defining Unicode char U+00C6 (decimal 198)
   defining Unicode char U+00C7 (decimal 199)
   defining Unicode char U+00C8 (decimal 200)
   defining Unicode char U+00C9 (decimal 201)
   defining Unicode char U+00CA (decimal 202)
   defining Unicode char U+00CB (decimal 203)
   defining Unicode char U+00CC (decimal 204)
   defining Unicode char U+00CD (decimal 205)
   defining Unicode char U+00CE (decimal 206)
   defining Unicode char U+00CF (decimal 207)
   defining Unicode char U+00D0 (decimal 208)
   defining Unicode char U+00D1 (decimal 209)
   defining Unicode char U+00D2 (decimal 210)
   defining Unicode char U+00D3 (decimal 211)
   defining Unicode char U+00D4 (decimal 212)
   defining Unicode char U+00D5 (decimal 213)
   defining Unicode char U+00D6 (decimal 214)
   defining Unicode char U+00D8 (decimal 216)
   defining Unicode char U+00D9 (decimal 217)
   defining Unicode char U+00DA (decimal 218)
   defining Unicode char U+00DB (decimal 219)
   defining Unicode char U+00DC (decimal 220)
   defining Unicode char U+00DD (decimal 221)
   defining Unicode char U+00DE (decimal 222)
   defining Unicode char U+00DF (decimal 223)
   defining Unicode char U+00E0 (decimal 224)
   defining Unicode char U+00E1 (decimal 225)
   defining Unicode char U+00E2 (decimal 226)
   defining Unicode char U+00E3 (decimal 227)
   defining Unicode char U+00E4 (decimal 228)
   defining Unicode char U+00E5 (decimal 229)
   defining Unicode char U+00E6 (decimal 230)
   defining Unicode char U+00E7 (decimal 231)
   defining Unicode char U+00E8 (decimal 232)
   defining Unicode char U+00E9 (decimal 233)
   defining Unicode char U+00EA (decimal 234)
   defining Unicode char U+00EB (decimal 235)
   defining Unicode char U+00EC (decimal 236)
   defining Unicode char U+00ED (decimal 237)
   defining Unicode char U+00EE (decimal 238)
   defining Unicode char U+00EF (decimal 239)
   defining Unicode char U+00F0 (decimal 240)
   defining Unicode char U+00F1 (decimal 241)
   defining Unicode char U+00F2 (decimal 242)
   defining Unicode char U+00F3 (decimal 243)
   defining Unicode char U+00F4 (decimal 244)
   defining Unicode char U+00F5 (decimal 245)
   defining Unicode char U+00F6 (decimal 246)
   defining Unicode char U+00F8 (decimal 248)
   defining Unicode char U+00F9 (decimal 249)
   defining Unicode char U+00FA (decimal 250)
   defining Unicode char U+00FB (decimal 251)
   defining Unicode char U+00FC (decimal 252)
   defining Unicode char U+00FD (decimal 253)
   defining Unicode char U+00FE (decimal 254)
   defining Unicode char U+00FF (decimal 255)
   defining Unicode char U+0102 (decimal 258)
   defining Unicode char U+0103 (decimal 259)
   defining Unicode char U+0104 (decimal 260)
   defining Unicode char U+0105 (decimal 261)
   defining Unicode char U+0106 (decimal 262)
   defining Unicode char U+0107 (decimal 263)
   defining Unicode char U+010C (decimal 268)
   defining Unicode char U+010D (decimal 269)
   defining Unicode char U+010E (decimal 270)
   defining Unicode char U+010F (decimal 271)
   defining Unicode char U+0110 (decimal 272)
   defining Unicode char U+0111 (decimal 273)
   defining Unicode char U+0118 (decimal 280)
   defining Unicode char U+0119 (decimal 281)
   defining Unicode char U+011A (decimal 282)
   defining Unicode char U+011B (decimal 283)
   defining Unicode char U+011E (decimal 286)
   defining Unicode char U+011F (decimal 287)
   defining Unicode char U+0130 (decimal 304)
   defining Unicode char U+0131 (decimal 305)
   defining Unicode char U+0132 (decimal 306)
   defining Unicode char U+0133 (decimal 307)
   defining Unicode char U+0139 (decimal 313)
   defining Unicode char U+013A (decimal 314)
   defining Unicode char U+013D (decimal 317)
   defining Unicode char U+013E (decimal 318)
   defining Unicode char U+0141 (decimal 321)
   defining Unicode char U+0142 (decimal 322)
   defining Unicode char U+0143 (decimal 323)
   defining Unicode char U+0144 (decimal 324)
   defining Unicode char U+0147 (decimal 327)
   defining Unicode char U+0148 (decimal 328)
   defining Unicode char U+014A (decimal 330)
   defining Unicode char U+014B (decimal 331)
   defining Unicode char U+0150 (decimal 336)
   defining Unicode char U+0151 (decimal 337)
   defining Unicode char U+0152 (decimal 338)
   defining Unicode char U+0153 (decimal 339)
   defining Unicode char U+0154 (decimal 340)
   defining Unicode char U+0155 (decimal 341)
   defining Unicode char U+0158 (decimal 344)
   defining Unicode char U+0159 (decimal 345)
   defining Unicode char U+015A (decimal 346)
   defining Unicode char U+015B (decimal 347)
   defining Unicode char U+015E (decimal 350)
   defining Unicode char U+015F (decimal 351)
   defining Unicode char U+0160 (decimal 352)
   defining Unicode char U+0161 (decimal 353)
   defining Unicode char U+0162 (decimal 354)
   defining Unicode char U+0163 (decimal 355)
   defining Unicode char U+0164 (decimal 356)
   defining Unicode char U+0165 (decimal 357)
   defining Unicode char U+016E (decimal 366)
   defining Unicode char U+016F (decimal 367)
   defining Unicode char U+0170 (decimal 368)
   defining Unicode char U+0171 (decimal 369)
   defining Unicode char U+0178 (decimal 376)
   defining Unicode char U+0179 (decimal 377)
   defining Unicode char U+017A (decimal 378)
   defining Unicode char U+017B (decimal 379)
   defining Unicode char U+017C (decimal 380)
   defining Unicode char U+017D (decimal 381)
   defining Unicode char U+017E (decimal 382)
   defining Unicode char U+200C (decimal 8204)
   defining Unicode char U+2013 (decimal 8211)
   defining Unicode char U+2014 (decimal 8212)
   defining Unicode char U+2018 (decimal 8216)
   defining Unicode char U+2019 (decimal 8217)
   defining Unicode char U+201A (decimal 8218)
   defining Unicode char U+201C (decimal 8220)
   defining Unicode char U+201D (decimal 8221)
   defining Unicode char U+201E (decimal 8222)
   defining Unicode char U+2030 (decimal 8240)
   defining Unicode char U+2031 (decimal 8241)
   defining Unicode char U+2039 (decimal 8249)
   defining Unicode char U+203A (decimal 8250)
   defining Unicode char U+2423 (decimal 9251)
)
Now handling font encoding OT1 ...
... processing UTF-8 mapping file for font encoding OT1

("C:\Program Files\MiKTeX 2.9_\tex\latex\base\ot1enc.dfu"
File: ot1enc.dfu 2008/04/05 v1.1m UTF-8 support for inputenc
   defining Unicode char U+00A1 (decimal 161)
   defining Unicode char U+00A3 (decimal 163)
   defining Unicode char U+00B8 (decimal 184)
   defining Unicode char U+00BF (decimal 191)
   defining Unicode char U+00C5 (decimal 197)
   defining Unicode char U+00C6 (decimal 198)
   defining Unicode char U+00D8 (decimal 216)
   defining Unicode char U+00DF (decimal 223)
   defining Unicode char U+00E6 (decimal 230)
   defining Unicode char U+00EC (decimal 236)
   defining Unicode char U+00ED (decimal 237)
   defining Unicode char U+00EE (decimal 238)
   defining Unicode char U+00EF (decimal 239)
   defining Unicode char U+00F8 (decimal 248)
   defining Unicode char U+0131 (decimal 305)
   defining Unicode char U+0141 (decimal 321)
   defining Unicode char U+0142 (decimal 322)
   defining Unicode char U+0152 (decimal 338)
   defining Unicode char U+0153 (decimal 339)
   defining Unicode char U+2013 (decimal 8211)
   defining Unicode char U+2014 (decimal 8212)
   defining Unicode char U+2018 (decimal 8216)
   defining Unicode char U+2019 (decimal 8217)
   defining Unicode char U+201C (decimal 8220)
   defining Unicode char U+201D (decimal 8221)
)
Now handling font encoding OMS ...
... processing UTF-8 mapping file for font encoding OMS

("C:\Program Files\MiKTeX 2.9_\tex\latex\base\omsenc.dfu"
File: omsenc.dfu 2008/04/05 v1.1m UTF-8 support for inputenc
   defining Unicode char U+00A7 (decimal 167)
   defining Unicode char U+00B6 (decimal 182)
   defining Unicode char U+00B7 (decimal 183)
   defining Unicode char U+2020 (decimal 8224)
   defining Unicode char U+2021 (decimal 8225)
   defining Unicode char U+2022 (decimal 8226)
)
Now handling font encoding OMX ...
... no UTF-8 mapping file for font encoding OMX
Now handling font encoding U ...
... no UTF-8 mapping file for font encoding U
   defining Unicode char U+00A9 (decimal 169)
   defining Unicode char U+00AA (decimal 170)
   defining Unicode char U+00AE (decimal 174)
   defining Unicode char U+00BA (decimal 186)
   defining Unicode char U+02C6 (decimal 710)
   defining Unicode char U+02DC (decimal 732)
   defining Unicode char U+200C (decimal 8204)
   defining Unicode char U+2026 (decimal 8230)
   defining Unicode char U+2122 (decimal 8482)
   defining Unicode char U+2423 (decimal 9251)
))
("C:\Program Files\MiKTeX 2.9_\tex\latex\hyperref\hyperref.sty"
Package: hyperref 2012/11/06 v6.83m Hypertext links for LaTeX

("C:\Program Files\MiKTeX 2.9_\tex\generic\oberdiek\hobsub-hyperref.sty"
Package: hobsub-hyperref 2012/04/25 v1.12 Bundle oberdiek, subset hyperref (HO)


("C:\Program Files\MiKTeX 2.9_\tex\generic\oberdiek\hobsub-generic.sty"
Package: hobsub-generic 2012/04/25 v1.12 Bundle oberdiek, subset generic (HO)
Package: hobsub 2012/04/25 v1.12 Construct package bundles (HO)
Package: infwarerr 2010/04/08 v1.3 Providing info/warning/error messages (HO)
Package: ltxcmds 2011/11/09 v1.22 LaTeX kernel commands for general use (HO)
Package: ifluatex 2010/03/01 v1.3 Provides the ifluatex switch (HO)
Package ifluatex Info: LuaTeX not detected.
Package: ifvtex 2010/03/01 v1.5 Detect VTeX and its facilities (HO)
Package ifvtex Info: VTeX not detected.
Package: intcalc 2007/09/27 v1.1 Expandable calculations with integers (HO)
Package: ifpdf 2011/01/30 v2.3 Provides the ifpdf switch (HO)
Package ifpdf Info: pdfTeX in PDF mode is detected.
Package: etexcmds 2011/02/16 v1.5 Avoid name clashes with e-TeX commands (HO)
Package etexcmds Info: Could not find \expanded.
(etexcmds)             That can mean that you are not using pdfTeX 1.50 or
(etexcmds)             that some package has redefined \expanded.
(etexcmds)             In the latter case, load this package earlier.
Package: kvsetkeys 2012/04/25 v1.16 Key value parser (HO)
Package: kvdefinekeys 2011/04/07 v1.3 Define keys (HO)
Package: pdftexcmds 2011/11/29 v0.20 Utility functions of pdfTeX for LuaTeX (HO
)
Package pdftexcmds Info: LuaTeX not detected.
Package pdftexcmds Info: \pdf@primitive is available.
Package pdftexcmds Info: \pdf@ifprimitive is available.
Package pdftexcmds Info: \pdfdraftmode found.
Package: pdfescape 2011/11/25 v1.13 Implements pdfTeX's escape features (HO)
Package: bigintcalc 2012/04/08 v1.3 Expandable calculations on big integers (HO
)
Package: bitset 2011/01/30 v1.1 Handle bit-vector datatype (HO)
Package: uniquecounter 2011/01/30 v1.2 Provide unlimited unique counter (HO)
)
Package hobsub Info: Skipping package `hobsub' (already loaded).
Package: letltxmacro 2010/09/02 v1.4 Let assignment for LaTeX macros (HO)
Package: hopatch 2011/06/24 v1.1 Wrapper for package hooks (HO)
Package: xcolor-patch 2011/01/30 xcolor patch
Package: atveryend 2011/06/30 v1.8 Hooks at the very end of document (HO)
Package atveryend Info: \enddocument detected (standard20110627).
Package: atbegshi 2011/10/05 v1.16 At begin shipout hook (HO)
Package: refcount 2011/10/16 v3.4 Data extraction from label references (HO)
Package: hycolor 2011/01/30 v1.7 Color options for hyperref/bookmark (HO)
)
("C:\Program Files\MiKTeX 2.9_\tex\latex\graphics\keyval.sty"
Package: keyval 1999/03/16 v1.13 key=value parser (DPC)
\KV@toks@=\toks16
)
("C:\Program Files\MiKTeX 2.9_\tex\generic\ifxetex\ifxetex.sty"
Package: ifxetex 2010/09/12 v0.6 Provides ifxetex conditional
)
("C:\Program Files\MiKTeX 2.9_\tex\latex\oberdiek\auxhook.sty"
Package: auxhook 2011/03/04 v1.3 Hooks for auxiliary files (HO)
)
("C:\Program Files\MiKTeX 2.9_\tex\latex\oberdiek\kvoptions.sty"
Package: kvoptions 2011/06/30 v3.11 Key value format for package options (HO)
)
\@linkdim=\dimen104
\Hy@linkcounter=\count88
\Hy@pagecounter=\count89

("C:\Program Files\MiKTeX 2.9_\tex\latex\hyperref\pd1enc.def"
File: pd1enc.def 2012/11/06 v6.83m Hyperref: PDFDocEncoding definition (HO)
Now handling font encoding PD1 ...
... no UTF-8 mapping file for font encoding PD1
)
\Hy@SavedSpaceFactor=\count90

("C:\Program Files\MiKTeX 2.9_\tex\latex\00miktex\hyperref.cfg"
File: hyperref.cfg 2002/06/06 v1.2 hyperref configuration of TeXLive
)
Package hyperref Info: Hyper figures OFF on input line 4443.
Package hyperref Info: Link nesting OFF on input line 4448.
Package hyperref Info: Hyper index ON on input line 4451.
Package hyperref Info: Plain pages OFF on input line 4458.
Package hyperref Info: Backreferencing OFF on input line 4463.
Package hyperref Info: Implicit mode ON; LaTeX internals redefined.
Package hyperref Info: Bookmarks ON on input line 4688.
\c@Hy@tempcnt=\count91

("C:\Program Files\MiKTeX 2.9_\tex\latex\url\url.sty"
\Urlmuskip=\muskip10
Package: url 2013/09/16  ver 3.4  Verb mode for urls, etc.
)
LaTeX Info: Redefining \url on input line 5041.
\XeTeXLinkMargin=\dimen105
\Fld@menulength=\count92
\Field@Width=\dimen106
\Fld@charsize=\dimen107
Package hyperref Info: Hyper figures OFF on input line 6295.
Package hyperref Info: Link nesting OFF on input line 6300.
Package hyperref Info: Hyper index ON on input line 6303.
Package hyperref Info: backreferencing OFF on input line 6310.
Package hyperref Info: Link coloring OFF on input line 6315.
Package hyperref Info: Link coloring with OCG OFF on input line 6320.
Package hyperref Info: PDF/A mode OFF on input line 6325.
LaTeX Info: Redefining \ref on input line 6365.
LaTeX Info: Redefining \pageref on input line 6369.
\Hy@abspage=\count93
\c@Item=\count94
\c@Hfootnote=\count95
)

Package hyperref Message: Driver (autodetected): hpdftex.

("C:\Program Files\MiKTeX 2.9_\tex\latex\hyperref\hpdftex.def"
File: hpdftex.def 2012/11/06 v6.83m Hyperref driver for pdfTeX
\Fld@listcount=\count96
\c@bookmark@seq@number=\count97

("C:\Program Files\MiKTeX 2.9_\tex\latex\oberdiek\rerunfilecheck.sty"
Package: rerunfilecheck 2011/04/15 v1.7 Rerun checks for auxiliary files (HO)
Package uniquecounter Info: New unique counter `rerunfilecheck' on input line 2
82.
)
\Hy@SectionHShift=\skip43
)
("C:\Program Files\MiKTeX 2.9_\tex\latex\graphics\graphicx.sty"
Package: graphicx 1999/02/16 v1.0f Enhanced LaTeX Graphics (DPC,SPQR)

("C:\Program Files\MiKTeX 2.9_\tex\latex\graphics\graphics.sty"
Package: graphics 2009/02/05 v1.0o Standard LaTeX Graphics (DPC,SPQR)

("C:\Program Files\MiKTeX 2.9_\tex\latex\graphics\trig.sty"
Package: trig 1999/03/16 v1.09 sin cos tan (DPC)
)
("C:\Program Files\MiKTeX 2.9_\tex\latex\00miktex\graphics.cfg"
File: graphics.cfg 2007/01/18 v1.5 graphics configuration of teTeX/TeXLive
)
Package graphics Info: Driver file: pdftex.def on input line 91.

("C:\Program Files\MiKTeX 2.9_\tex\latex\pdftex-def\pdftex.def"
File: pdftex.def 2011/05/27 v0.06d Graphics/color for pdfTeX
\Gread@gobject=\count98
))
\Gin@req@height=\dimen108
\Gin@req@width=\dimen109
)
("C:\Program Files\MiKTeX 2.9_\tex\latex\float\float.sty"
Package: float 2001/11/08 v1.3d Float enhancements (AL)
\c@float@type=\count99
\float@exts=\toks17
\float@box=\box26
\@float@everytoks=\toks18
\@floatcapt=\box27
)
("C:\Program Files\MiKTeX 2.9_\tex\latex\multirow\multirow.sty"
\bigstrutjot=\dimen110
)
("C:\Program Files\MiKTeX 2.9_\tex\latex\tools\indentfirst.sty"
Package: indentfirst 1995/11/23 v1.03 Indent first paragraph (DPC)
)
("C:\Program Files\MiKTeX 2.9_\tex\latex\listings\listings.sty"
\lst@mode=\count100
\lst@gtempboxa=\box28
\lst@token=\toks19
\lst@length=\count101
\lst@currlwidth=\dimen111
\lst@column=\count102
\lst@pos=\count103
\lst@lostspace=\dimen112
\lst@width=\dimen113
\lst@newlines=\count104
\lst@lineno=\count105
\lst@maxwidth=\dimen114

("C:\Program Files\MiKTeX 2.9_\tex\latex\listings\lstmisc.sty"
File: lstmisc.sty 2015/06/04 1.6 (Carsten Heinz)
\c@lstnumber=\count106
\lst@skipnumbers=\count107
\lst@framebox=\box29
)
("C:\Program Files\MiKTeX 2.9_\tex\latex\listings\listings.cfg"
File: listings.cfg 2015/06/04 1.6 listings configuration
))
Package: listings 2015/06/04 1.6 (Carsten Heinz)

("C:\Program Files\MiKTeX 2.9_\tex\latex\caption\caption.sty"
Package: caption 2013/05/02 v3.3-89 Customizing captions (AR)

("C:\Program Files\MiKTeX 2.9_\tex\latex\caption\caption3.sty"
Package: caption3 2013/05/02 v1.6-88 caption3 kernel (AR)
Package caption3 Info: TeX engine: e-TeX on input line 57.
\captionmargin=\dimen115
\captionmargin@=\dimen116
\captionwidth=\dimen117
\caption@tempdima=\dimen118
\caption@indent=\dimen119
\caption@parindent=\dimen120
\caption@hangindent=\dimen121
)
\c@ContinuedFloat=\count108
Package caption Info: float package is loaded.
Package caption Info: hyperref package is loaded.
Package caption Info: listings package is loaded.
)
("C:\Program Files\MiKTeX 2.9_\tex\latex\algorithm2e\algorithm2e.sty"
Package: algorithm2e 2013/01/06 v5.00 algorithms environments
\c@AlgoLine=\count109

("C:\Program Files\MiKTeX 2.9_\tex\latex\base\ifthen.sty"
Package: ifthen 2001/05/26 v1.1c Standard LaTeX ifthen package (DPC)
)
("C:\Program Files\MiKTeX 2.9_\tex\latex\tools\xspace.sty"
Package: xspace 2009/10/20 v1.13 Space after command names (DPC,MH)
)
("C:\Program Files\MiKTeX 2.9_\tex\latex\ltxmisc\relsize.sty"
Package: relsize 2003/07/04 ver 3.1
)
********************************************************
Package `algorithm2e' Release 5.0 -- january 06 2013 --
- algorithm2e-announce@lirmm.fr mailing list for announcement about releases
- algorithm2e-discussion@lirmm.fr mailing list for discussion about package
subscribe by emailing sympa@lirmm.fr with 'subscribe <list> <firstname name>'
- Author: Christophe Fiorio (cfiorio@um2.fr)
********************************************************
\skiptotal=\skip44
\skiplinenumber=\skip45
\skiprule=\skip46
\skiphlne=\skip47
\skiptext=\skip48
\skiplength=\skip49
\algomargin=\skip50
\skipalgocfslide=\skip51
\algowidth=\dimen122
\inoutsize=\dimen123
\inoutindent=\dimen124
\interspacetitleruled=\dimen125
\interspacealgoruled=\dimen126
\interspacetitleboxruled=\dimen127
\algocf@inoutbox=\box30
\algocf@inputbox=\box31
\AlCapSkip=\skip52
\AlCapHSkip=\skip53
\algoskipindent=\skip54
\algocf@nlbox=\box32
\algocf@hangingbox=\box33
\algocf@untilbox=\box34
\algocf@skipuntil=\skip55
\algocf@capbox=\box35
\algoheightruledefault=\skip56
\algoheightrule=\skip57
\algotitleheightruledefault=\skip58
\algotitleheightrule=\skip59
\c@algocfline=\count110
\c@algocfproc=\count111
\c@algocf=\count112
\algocf@algoframe=\box36
\algocf@algobox=\box37
) ("C:\Program Files\MiKTeX 2.9_\tex\latex\tools\tabularx.sty"
Package: tabularx 1999/01/07 v2.07 `tabularx' package (DPC)

("C:\Program Files\MiKTeX 2.9_\tex\latex\tools\array.sty"
Package: array 2008/09/09 v2.4c Tabular extension package (FMi)
\col@sep=\dimen128
\extrarowheight=\dimen129
\NC@list=\toks20
\extratabsurround=\skip60
\backup@length=\skip61
)
\TX@col@width=\dimen130
\TX@old@table=\dimen131
\TX@old@col=\dimen132
\TX@target=\dimen133
\TX@delta=\dimen134
\TX@cols=\count113
\TX@ftn=\toks21
)
("C:\Program Files\MiKTeX 2.9_\tex\latex\graphics\lscape.sty"
Package: lscape 2000/10/22 v3.01 Landscape Pages (DPC)
)
(C:\BG-files\IST\4ano\1semestre\SIBD\git\SIBD_3\proj_2parte\report\relatorio.au
x)
LaTeX Font Info:    Checking defaults for OML/cmm/m/it on input line 19.
LaTeX Font Info:    ... okay on input line 19.
LaTeX Font Info:    Checking defaults for T1/cmr/m/n on input line 19.
LaTeX Font Info:    ... okay on input line 19.
LaTeX Font Info:    Checking defaults for OT1/cmr/m/n on input line 19.
LaTeX Font Info:    ... okay on input line 19.
LaTeX Font Info:    Checking defaults for OMS/cmsy/m/n on input line 19.
LaTeX Font Info:    ... okay on input line 19.
LaTeX Font Info:    Checking defaults for OMX/cmex/m/n on input line 19.
LaTeX Font Info:    ... okay on input line 19.
LaTeX Font Info:    Checking defaults for U/cmr/m/n on input line 19.
LaTeX Font Info:    ... okay on input line 19.
LaTeX Font Info:    Checking defaults for PD1/pdf/m/n on input line 19.
LaTeX Font Info:    ... okay on input line 19.
\AtBeginShipoutBox=\box38
Package hyperref Info: Link coloring OFF on input line 19.
 ("C:\Program Files\MiKTeX 2.9_\tex\latex\hyperref\nameref.sty"
Package: nameref 2012/10/27 v2.43 Cross-referencing by name of section

("C:\Program Files\MiKTeX 2.9_\tex\generic\oberdiek\gettitlestring.sty"
Package: gettitlestring 2010/12/03 v1.4 Cleanup title references (HO)
)
\c@section@level=\count114
)
LaTeX Info: Redefining \ref on input line 19.
LaTeX Info: Redefining \pageref on input line 19.
LaTeX Info: Redefining \nameref on input line 19.

(C:\BG-files\IST\4ano\1semestre\SIBD\git\SIBD_3\proj_2parte\report\relatorio.ou
t)
(C:\BG-files\IST\4ano\1semestre\SIBD\git\SIBD_3\proj_2parte\report\relatorio.ou
t)
\@outlinefile=\write4
 ("C:\Program Files\MiKTeX 2.9_\tex\context\base\supp-pdf.mkii"
[Loading MPS to PDF converter (version 2006.09.02).]
\scratchcounter=\count115
\scratchdimen=\dimen135
\scratchbox=\box39
\nofMPsegments=\count116
\nofMParguments=\count117
\everyMPshowfont=\toks22
\MPscratchCnt=\count118
\MPscratchDim=\dimen136
\MPnumerator=\count119
\makeMPintoPDFobject=\count120
\everyMPtoPDFconversion=\toks23
)
\c@lstlisting=\count121
Package caption Info: Begin \AtBeginDocument code.
Package caption Info: End \AtBeginDocument code.
 ("C:\Program Files\MiKTeX 2.9_\tex\latex\listings\lstlang1.sty"
File: lstlang1.sty 2015/06/04 1.6 listings language file
)
(C:\BG-files\IST\4ano\1semestre\SIBD\git\SIBD_3\proj_2parte\report\rosto.tex
<./title.png, id=31, 674.2791pt x 156.8259pt>
File: ./title.png Graphic file (type png)
 <use ./title.png>
Package pdftex.def Info: ./title.png used on input line 5.
(pdftex.def)             Requested size: 170.71652pt x 39.7041pt.
LaTeX Font Info:    External font `cmex10' loaded for size
(Font)              <14.4> on input line 9.
LaTeX Font Info:    External font `cmex10' loaded for size
(Font)              <7> on input line 9.
LaTeX Font Info:    External font `cmex10' loaded for size
(Font)              <5> on input line 22.
 [1

{C:/ProgramData/MiKTeX/2.9/pdftex/config/pdftex.map} <C:/BG-files/IST/4ano/1sem
estre/SIBD/git/SIBD_3/proj_2parte/report/title.png (PNG copy)>])
(C:\BG-files\IST\4ano\1semestre\SIBD\git\SIBD_3\proj_2parte\report\relatorio.to
c)
\tf@toc=\write5
 [1]
Package hyperref Info: bookmark level for unknown lstlisting defaults to 0 on i
nput line 34.

(C:\BG-files\IST\4ano\1semestre\SIBD\git\SIBD_3\proj_2parte\report\database.sql

Overfull \hbox (62.9035pt too wide) in paragraph at lines 24--26
[][][][][][][][][][][][][] 
 []


Overfull \hbox (62.9035pt too wide) in paragraph at lines 32--34
[][][][][][][][][][][][][] 
 []

pdfTeX warning (ext4): destination with the same identifier (name{page.1}) has 
been already used, duplicate ignored
<to be read again> 
                   \relax 
l.47 	snum 
           integer, [1]
Overfull \hbox (44.90776pt too wide) in paragraph at lines 52--54
[][][][][][][][][][][][][][][][][][][][][][][] 
 []


Overfull \hbox (56.90492pt too wide) in paragraph at lines 60--62
[][][][][][][][][][][][][][][][][][][][][][][] 
 []


Overfull \hbox (26.91202pt too wide) in paragraph at lines 69--70
[][][][][][][][][][][][][][][][][][][][][][][] 
 []


Overfull \hbox (26.91202pt too wide) in paragraph at lines 80--81
[][][][][][][][][][][][][][][][][][][][][][][] 
 []


Overfull \hbox (20.91344pt too wide) in paragraph at lines 82--84
[][][][][][][][][][][][][][][][][] 
 []


Overfull \hbox (26.91202pt too wide) in paragraph at lines 92--93
[][][][][][][][][][][][][][][][][][][][][][][] 
 []


Overfull \hbox (110.89215pt too wide) in paragraph at lines 93--94
[][][][][][][][][][][][][][][][][][][][][][][] 
 []

) [2]
LaTeX Font Info:    Try loading font information for OMS+cmr on input line 39.
 ("C:\Program Files\MiKTeX 2.9_\tex\latex\base\omscmr.fd"
File: omscmr.fd 1999/05/25 v2.5h Standard LaTeX font definitions
)
LaTeX Font Info:    Font shape `OMS/cmr/m/n' in size <10> not available
(Font)              Font shape `OMS/cmsy/m/n' tried instead on input line 39.

Overfull \hbox (11.90881pt too wide) in paragraph at lines 47--48
[]\T1/cmr/bx/n/10 variável \T1/cmr/bx/it/10 nut4code \T1/cmr/bx/n/10 da ta-bela
 \T1/cmr/bx/it/10 Mu-ni-ci-pa-lity $\OMS/cmsy/m/n/10 !$ \T1/cmr/m/n/10 para est
a ta-bela, considera-
 []

[3] (C:\BG-files\IST\4ano\1semestre\SIBD\git\SIBD_3\proj_2parte\report\drop.sql
)
Overfull \hbox (8.5025pt too wide) in paragraph at lines 89--90
\T1/cmr/m/n/10 guinte con-di-ção para dois in-ter-va-los so-bre-pos-tos: (start
A$\OMS/cmsy/m/n/10 $\T1/cmr/m/n/10 endB)$\OMS/cmsy/m/n/10 \$\T1/cmr/m/n/10 (en
dA$\OMS/cmsy/m/n/10 $\T1/cmr/m/n/10 startB).
 []

[4]
(C:\BG-files\IST\4ano\1semestre\SIBD\git\SIBD_3\proj_2parte\report\trigger_pan_
device_insert.sql
Overfull \hbox (14.91486pt too wide) in paragraph at lines 1--4
[][][][][][][][][][][][][] 
 []


Overfull \hbox (8.91628pt too wide) in paragraph at lines 16--17
[][][][][][][][][][][][][][][][][][][] 
 []

) [5]
(C:\BG-files\IST\4ano\1semestre\SIBD\git\SIBD_3\proj_2parte\report\trigger_pan_
patient_insert.sql
Overfull \hbox (20.91344pt too wide) in paragraph at lines 1--3
[][][][][][][][][][][][][] 
 []


Overfull \hbox (38.90918pt too wide) in paragraph at lines 14--15
[][][][][][][][][][][][][][][] 
 []


Overfull \hbox (14.91486pt too wide) in paragraph at lines 15--16
[][][][][][][][][][][][][][][][][] 
 []


Overfull \hbox (2.9177pt too wide) in paragraph at lines 16--17
[][][][][][][][][][][][][][][][][] 
 []


Overfull \hbox (14.91486pt too wide) in paragraph at lines 18--19
[][][][][][][][][][][][][][][][][] 
 []

) <tabelas_insert_triggers_Connects.png, id=222, 431.36156pt x 137.7647pt>
File: tabelas_insert_triggers_Connects.png Graphic file (type png)

<use tabelas_insert_triggers_Connects.png>
Package pdftex.def Info: tabelas_insert_triggers_Connects.png used on input lin
e 110.
(pdftex.def)             Requested size: 301.95103pt x 96.43462pt.

<tabelas_insert_triggers_Wears.png, id=223, 423.08063pt x 137.7647pt>
File: tabelas_insert_triggers_Wears.png Graphic file (type png)

<use tabelas_insert_triggers_Wears.png>
Package pdftex.def Info: tabelas_insert_triggers_Wears.png used on input line 1
16.
(pdftex.def)             Requested size: 296.15442pt x 96.43462pt.
 [6 <C:/BG-files/IST/4ano/1semestre/SIBD/git/SIBD_3/proj_2parte/report/tabelas_
insert_triggers_Connects.png (PNG copy)>] <erro_connect.png, id=259, 541.27219p
t x 26.34843pt>
File: erro_connect.png Graphic file (type png)
 <use erro_connect.png>
Package pdftex.def Info: erro_connect.png used on input line 129.
(pdftex.def)             Requested size: 378.88794pt x 18.44376pt.

Overfull \hbox (33.88794pt too wide) in paragraph at lines 129--130
 [][] 
 []

<good_connect.png, id=260, 541.27219pt x 44.41594pt>
File: good_connect.png Graphic file (type png)
 <use good_connect.png>
Package pdftex.def Info: good_connect.png used on input line 135.
(pdftex.def)             Requested size: 378.88794pt x 31.09093pt.

Overfull \hbox (33.88794pt too wide) in paragraph at lines 135--136
 [][] 
 []

<error_wears.jpg, id=261, 719.68875pt x 37.13875pt>
File: error_wears.jpg Graphic file (type jpg)
 <use error_wears.jpg>
Package pdftex.def Info: error_wears.jpg used on input line 141.
(pdftex.def)             Requested size: 381.43323pt x 19.68344pt.

Overfull \hbox (36.43323pt too wide) in paragraph at lines 141--142
 [][] 
 []

<good_wears.jpg, id=262, 723.70375pt x 54.2025pt>
File: good_wears.jpg Graphic file (type jpg)
 <use good_wears.jpg>
Package pdftex.def Info: good_wears.jpg used on input line 147.
(pdftex.def)             Requested size: 383.56116pt x 28.72717pt.

Overfull \hbox (38.56116pt too wide) in paragraph at lines 147--148
 [][] 
 []

[7 <C:/BG-files/IST/4ano/1semestre/SIBD/git/SIBD_3/proj_2parte/report/tabelas_i
nsert_triggers_Wears.png (PNG copy)> <C:/BG-files/IST/4ano/1semestre/SIBD/git/S
IBD_3/proj_2parte/report/erro_connect.png (PNG copy)> <C:/BG-files/IST/4ano/1se
mestre/SIBD/git/SIBD_3/proj_2parte/report/good_connect.png (PNG copy)> <C:/BG-f
iles/IST/4ano/1semestre/SIBD/git/SIBD_3/proj_2parte/report/error_wears.jpg> <C:
/BG-files/IST/4ano/1semestre/SIBD/git/SIBD_3/proj_2parte/report/good_wears.jpg>
]
Overfull \hbox (8.97672pt too wide) in paragraph at lines 162--163
[]\T1/cmr/m/it/10 create trig-ger check_overlap_time_period_Device_PAN be-fore 
in-sert on Con-
 []


Overfull \hbox (8.97672pt too wide) in paragraph at lines 164--165
[]\T1/cmr/m/it/10 create trig-ger check_overlap_time_period_Device_PAN be-fore 
in-sert on Con-
 []

<update_connects.jpg, id=272, 580.1675pt x 208.78pt>
File: update_connects.jpg Graphic file (type jpg)
 <use update_connects.jpg>
Package pdftex.def Info: update_connects.jpg used on input line 172.
(pdftex.def)             Requested size: 290.08302pt x 104.38972pt.

<update_wears.jpg, id=273, 567.11874pt x 200.75pt>
File: update_wears.jpg Graphic file (type jpg)
 <use update_wears.jpg>
Package pdftex.def Info: update_wears.jpg used on input line 178.
(pdftex.def)             Requested size: 283.55867pt x 100.37474pt.

[8 <C:/BG-files/IST/4ano/1semestre/SIBD/git/SIBD_3/proj_2parte/report/update_co
nnects.jpg> <C:/BG-files/IST/4ano/1semestre/SIBD/git/SIBD_3/proj_2parte/report/
update_wears.jpg>]
(C:\BG-files\IST\4ano\1semestre\SIBD\git\SIBD_3\proj_2parte\report\3a.sql
Overfull \hbox (20.91344pt too wide) in paragraph at lines 15--16
[][][][][][][][][][][][][][][][][][][]
 []

) <3awears.jpg, id=280, 564.1075pt x 156.585pt>
File: 3awears.jpg Graphic file (type jpg)
 <use 3awears.jpg>
Package pdftex.def Info: 3awears.jpg used on input line 198.
(pdftex.def)             Requested size: 298.97554pt x 82.98964pt.

<3aconnects.jpg, id=281, 592.2125pt x 225.84375pt>
File: 3aconnects.jpg Graphic file (type jpg)
 <use 3aconnects.jpg>
Package pdftex.def Info: 3aconnects.jpg used on input line 204.
(pdftex.def)             Requested size: 313.87112pt x 119.69661pt.

<3areading.jpg, id=282, 504.88625pt x 223.83624pt>
File: 3areading.jpg Graphic file (type jpg)
 <use 3areading.jpg>
Package pdftex.def Info: 3areading.jpg used on input line 210.
(pdftex.def)             Requested size: 267.58842pt x 118.63263pt.

<3adevice.jpg, id=283, 415.5525pt x 261.97874pt>
File: 3adevice.jpg Graphic file (type jpg)
 <use 3adevice.jpg>
Package pdftex.def Info: 3adevice.jpg used on input line 216.
(pdftex.def)             Requested size: 220.24178pt x 138.84807pt.
 [9 <C:/BG-files/IST/4ano/1semestre/SIBD/git/SIBD_3/proj_2parte/report/3awears.
jpg>]
<teste3a.jpg, id=320, 654.445pt x 173.64874pt>
File: teste3a.jpg Graphic file (type jpg)
 <use teste3a.jpg>
Package pdftex.def Info: teste3a.jpg used on input line 226.
(pdftex.def)             Requested size: 346.8542pt x 92.03339pt.

Overfull \hbox (1.8542pt too wide) in paragraph at lines 226--227
 [][] 
 []

[10 <C:/BG-files/IST/4ano/1semestre/SIBD/git/SIBD_3/proj_2parte/report/3aconnec
ts.jpg> <C:/BG-files/IST/4ano/1semestre/SIBD/git/SIBD_3/proj_2parte/report/3are
ading.jpg> <C:/BG-files/IST/4ano/1semestre/SIBD/git/SIBD_3/proj_2parte/report/3
adevice.jpg>]
(C:\BG-files\IST\4ano\1semestre\SIBD\git\SIBD_3\proj_2parte\report\3b.sql
Overfull \hbox (50.90634pt too wide) in paragraph at lines 6--7
[][][][][][][][][][][][][][][][][][][][][][][][][][][][][][][] 
 []


Overfull \hbox (2.9177pt too wide) in paragraph at lines 7--8
[][][][][][][][][][][][][][][][][][][][][][][][][][][][][][][] 
 []


Overfull \hbox (56.90492pt too wide) in paragraph at lines 8--9
[][][][][][][][][][][][][][][][][][][][][][][][][][][][][][][] 
 []


Overfull \hbox (62.9035pt too wide) in paragraph at lines 9--10
[][][][][][][][][][][][][][][][][][][][][][][][][][][] 
 []


Overfull \hbox (56.90492pt too wide) in paragraph at lines 10--11
[][][][][][][][][][][][][][][][][][][][][][][][][][][] 
 []


Overfull \hbox (38.90918pt too wide) in paragraph at lines 11--12
[][][][][][][][][][][][][][][][][][][][][][][][][][][] 
 []

) <3b.jpg, id=328, 239.89626pt x 131.49126pt>
File: 3b.jpg Graphic file (type jpg)
 <use 3b.jpg>
Package pdftex.def Info: 3b.jpg used on input line 259.
(pdftex.def)             Requested size: 127.1444pt x 69.69002pt.
 [11 <C:/BG-files/IST/4ano/1semestre/SIBD/git/SIBD_3/proj_2parte/report/teste3a
.jpg>]
(C:\BG-files\IST\4ano\1semestre\SIBD\git\SIBD_3\proj_2parte\report\3c.sql
Overfull \hbox (26.91202pt too wide) in paragraph at lines 4--5
[][][][][][][][][][][][][][][][][][][][][][][][][][][][][] 
 []


Overfull \hbox (8.91626pt too wide) in paragraph at lines 7--8
[][][][][][][][][][][][][][][][][][][][][][][][][][][][][][][] 
 []


Overfull \hbox (56.90492pt too wide) in paragraph at lines 8--9
[][][][][][][][][][][][][][][][][][][][][][][][][][][][][][][] 
 []

) [12 <C:/BG-files/IST/4ano/1semestre/SIBD/git/SIBD_3/proj_2parte/report/3b.jpg
>] <teste3c.jpg, id=368, 221.82875pt x 151.56625pt>
File: teste3c.jpg Graphic file (type jpg)
 <use teste3c.jpg>
Package pdftex.def Info: teste3c.jpg used on input line 304.
(pdftex.def)             Requested size: 117.56866pt x 80.32973pt.
 [13 <C:/BG-files/IST/4ano/1semestre/SIBD/git/SIBD_3/proj_2parte/report/teste3c
.jpg>]
<index_php.png, id=374, 569.12625pt x 223.58531pt>
File: index_php.png Graphic file (type png)
 <use index_php.png>
Package pdftex.def Info: index_php.png used on input line 374.
(pdftex.def)             Requested size: 301.63547pt x 118.49963pt.

<Readings_Settings_html.png, id=375, 564.60938pt x 152.06813pt>
File: Readings_Settings_html.png Graphic file (type png)

<use Readings_Settings_html.png>
Package pdftex.def Info: Readings_Settings_html.png used on input line 388.
(pdftex.def)             Requested size: 299.24153pt x 80.59572pt.
 [14 <C:/BG-files/IST/4ano/1semestre/SIBD/git/SIBD_3/proj_2parte/report/index_p
hp.png (PNG copy)>]
<Patient_intermidiate_php.png, id=381, 564.60938pt x 261.97874pt>
File: Patient_intermidiate_php.png Graphic file (type png)

<use Patient_intermidiate_php.png>
Package pdftex.def Info: Patient_intermidiate_php.png used on input line 394.
(pdftex.def)             Requested size: 299.24153pt x 138.84807pt.

<diogo.png, id=382, 611.28375pt x 398.23781pt>
File: diogo.png Graphic file (type png)
 <use diogo.png>
Package pdftex.def Info: diogo.png used on input line 406.
(pdftex.def)             Requested size: 323.97884pt x 211.06503pt.

<ze.png, id=383, 372.64218pt x 348.55219pt>
File: ze.png Graphic file (type png)
 <use ze.png>
Package pdftex.def Info: ze.png used on input line 412.
(pdftex.def)             Requested size: 197.4994pt x 184.73177pt.
 [15 <C:/BG-files/IST/4ano/1semestre/SIBD/git/SIBD_3/proj_2parte/report/Reading
s_Settings_html.png (PNG copy)> <C:/BG-files/IST/4ano/1semestre/SIBD/git/SIBD_3
/proj_2parte/report/Patient_intermidiate_php.png (PNG copy)>]
<transfer_php.png, id=390, 494.59781pt x 411.03563pt>
File: transfer_php.png Graphic file (type png)
 <use transfer_php.png>
Package pdftex.def Info: transfer_php.png used on input line 421.
(pdftex.def)             Requested size: 262.13557pt x 217.84784pt.

[16 <C:/BG-files/IST/4ano/1semestre/SIBD/git/SIBD_3/proj_2parte/report/diogo.pn
g (PNG copy)> <C:/BG-files/IST/4ano/1semestre/SIBD/git/SIBD_3/proj_2parte/repor
t/ze.png (PNG copy)>] <transfer2.png, id=397, 897.3525pt x 429.605pt>
File: transfer2.png Graphic file (type png)

<use transfer2.png>
Package pdftex.def Info: transfer2.png used on input line 429.
(pdftex.def)             Requested size: 269.20782pt x 128.88249pt.
 <transfer3.png, id=398, 473.77pt x 255.95625pt>
File: transfer3.png Graphic file (type png)

<use transfer3.png>
Package pdftex.def Info: transfer3.png used on input line 437.
(pdftex.def)             Requested size: 251.09691pt x 135.65616pt.
 <transfer4.png, id=399, 870.25125pt x 440.64626pt>
File: transfer4.png Graphic file (type png)

<use transfer4.png>
Package pdftex.def Info: transfer4.png used on input line 445.
(pdftex.def)             Requested size: 348.09433pt x 176.25537pt.

Overfull \hbox (3.09433pt too wide) in paragraph at lines 445--446
 [][] 
 []

[17 <C:/BG-files/IST/4ano/1semestre/SIBD/git/SIBD_3/proj_2parte/report/transfer
_php.png (PNG copy)> <C:/BG-files/IST/4ano/1semestre/SIBD/git/SIBD_3/proj_2part
e/report/transfer2.png>] [18 <C:/BG-files/IST/4ano/1semestre/SIBD/git/SIBD_3/pr
oj_2parte/report/transfer3.png> <C:/BG-files/IST/4ano/1semestre/SIBD/git/SIBD_3
/proj_2parte/report/transfer4.png>]
Package atveryend Info: Empty hook `BeforeClearDocument' on input line 455.
 [19]
Package atveryend Info: Empty hook `AfterLastShipout' on input line 455.

(C:\BG-files\IST\4ano\1semestre\SIBD\git\SIBD_3\proj_2parte\report\relatorio.au
x)
Package atveryend Info: Executing hook `AtVeryEndDocument' on input line 455.
Package atveryend Info: Executing hook `AtEndAfterFileList' on input line 455.
Package rerunfilecheck Info: File `relatorio.out' has not changed.
(rerunfilecheck)             Checksum: 959A38B42E1157729BB2A3B6C20542DA;448.
Package atveryend Info: Empty hook `AtVeryVeryEnd' on input line 455.
 ) 
Here is how much of TeX's memory you used:
 10458 strings out of 493921
 152814 string characters out of 3146873
 282848 words of memory out of 3000000
 13321 multiletter control sequences out of 15000+200000
 13985 words of font info for 30 fonts, out of 3000000 for 9000
 841 hyphenation exceptions out of 8191
 36i,6n,40p,676b,1808s stack positions out of 5000i,500n,10000p,200000b,50000s
 <C:\Users\Bernardo\AppData\Local\MiKTeX\2.9\fonts\pk\ljfour\jknappen\ec\dpi6
00\ecbi1200.pk> <C:\Users\Bernardo\AppData\Local\MiKTeX\2.9\fonts\pk\ljfour\jkn
appen\ec\dpi600\ecbx1200.pk> <C:\Users\Bernardo\AppData\Local\MiKTeX\2.9\fonts\
pk\ljfour\jknappen\ec\dpi600\ecbi1440.pk> <C:\Users\Bernardo\AppData\Local\MiKT
eX\2.9\fonts\pk\ljfour\jknappen\ec\dpi600\ecti1000.pk> <C:\Users\Bernardo\AppDa
ta\Local\MiKTeX\2.9\fonts\pk\ljfour\jknappen\ec\dpi600\ecrm1000.pk> <C:\Users\B
ernardo\AppData\Local\MiKTeX\2.9\fonts\pk\ljfour\jknappen\ec\dpi600\ecbi1000.pk
> <C:\Users\Bernardo\AppData\Local\MiKTeX\2.9\fonts\pk\ljfour\jknappen\ec\dpi60
0\ecbx1000.pk> <C:\Users\Bernardo\AppData\Local\MiKTeX\2.9\fonts\pk\ljfour\jkna
ppen\ec\dpi600\ecbx1440.pk> <C:\Users\Bernardo\AppData\Local\MiKTeX\2.9\fonts\p
k\ljfour\jknappen\ec\dpi600\ecrm1200.pk> <C:\Users\Bernardo\AppData\Local\MiKTe
X\2.9\fonts\pk\ljfour\jknappen\ec\dpi600\eccc1000.pk> <C:\Users\Bernardo\AppDat
a\Local\MiKTeX\2.9\fonts\pk\ljfour\jknappen\ec\dpi600\eccc1440.pk> <C:\Users\Be
rnardo\AppData\Local\MiKTeX\2.9\fonts\pk\ljfour\jknappen\ec\dpi600\eccc1728.pk>
<C:/Program Files/MiKTeX 2.9_/fonts/type1/public/amsfonts/cm/cmsy10.pfb>
Output written on relatorio.pdf (21 pages, 887794 bytes).
PDF statistics:
 856 PDF objects out of 1000 (max. 8388607)
 282 named destinations out of 1000 (max. 500000)
 182 words of extra memory for PDF output out of 10000 (max. 10000000)

